# JRE version: OpenJDK Runtime Environment Temurin-21.0.11+10 (21.0.11+10) (build 21.0.11+10-LTS)
# Java VM: OpenJDK 64-Bit Server VM Temurin-21.0.11+10 (21.0.11+10-LTS, mixed mode, sharing, tiered, compressed oops, compressed class ptrs, parallel gc, windows-amd64)
GC Precious Log:
 CardTable entry size: 512
 CPUs: 12 total, 12 available
 Memory: 16072M
 Large Page Support: Disabled
 NUMA Support: Disabled
 Compressed Oops: Enabled (32-bit)
 Alignments: Space 512K, Generation 512K, Heap 2M
 Heap Min Capacity: 100M
 Heap Initial Capacity: 100M
 Heap Max Capacity: 2G
 Pre-touch: Disabled
 Parallel Workers: 10
Heap:
 PSYoungGen      total 5632K, used 1013K [0x00000000d5580000, 0x00000000d5c80000, 0x0000000100000000)
  eden space 4608K, 0% used [0x00000000d5580000,0x00000000d5580000,0x00000000d5a00000)
  from space 1024K, 98% used [0x00000000d5a80000,0x00000000d5b7d570,0x00000000d5b80000)
  to   space 1024K, 0% used [0x00000000d5b80000,0x00000000d5b80000,0x00000000d5c80000)
 ParOldGen       total 222208K, used 222047K [0x0000000080000000, 0x000000008d900000, 0x00000000d5580000)
  object space 222208K, 99% used [0x0000000080000000,0x000000008d8d7d40,0x000000008d900000)
 Metaspace       used 67428K, committed 68928K, reserved 1114112K
  class space    used 7240K, committed 7936K, reserved 1048576K
GC Heap History (20 events):
Event: 18.635 GC heap after
{Heap after GC invocations=126 (full 3):
 PSYoungGen      total 6144K, used 1248K [0x00000000d5580000, 0x00000000d5d00000, 0x0000000100000000)
  eden space 4608K, 0% used [0x00000000d5580000,0x00000000d5580000,0x00000000d5a00000)
  from space 1536K, 81% used [0x00000000d5a00000,0x00000000d5b38000,0x00000000d5b80000)
  to   space 1536K, 0% used [0x00000000d5b80000,0x00000000d5b80000,0x00000000d5d00000)
 ParOldGen       total 212992K, used 212522K [0x0000000080000000, 0x000000008d000000, 0x00000000d5580000)
  object space 212992K, 99% used [0x0000000080000000,0x000000008cf8a868,0x000000008d000000)
 Metaspace       used 67138K, committed 68672K, reserved 1114112K
  class space    used 7203K, committed 7872K, reserved 1048576K
}
Event: 18.644 GC heap before
{Heap before GC invocations=127 (full 3):
 PSYoungGen      total 6144K, used 5856K [0x00000000d5580000, 0x00000000d5d00000, 0x0000000100000000)
  eden space 4608K, 100% used [0x00000000d5580000,0x00000000d5a00000,0x00000000d5a00000)
  from space 1536K, 81% used [0x00000000d5a00000,0x00000000d5b38000,0x00000000d5b80000)
  to   space 1536K, 0% used [0x00000000d5b80000,0x00000000d5b80000,0x00000000d5d00000)
 ParOldGen       total 212992K, used 212522K [0x0000000080000000, 0x000000008d000000, 0x00000000d5580000)
  object space 212992K, 99% used [0x0000000080000000,0x000000008cf8a868,0x000000008d000000)
 Metaspace       used 67147K, committed 68672K, reserved 1114112K
  class space    used 7203K, committed 7872K, reserved 1048576K
}
Event: 18.645 GC heap after
{Heap after GC invocations=127 (full 3):
 PSYoungGen      total 6144K, used 974K [0x00000000d5580000, 0x00000000d5d00000, 0x0000000100000000)
  eden space 4608K, 0% used [0x00000000d5580000,0x00000000d5580000,0x00000000d5a00000)
  from space 1536K, 63% used [0x00000000d5b80000,0x00000000d5c73a28,0x00000000d5d00000)
  to   space 1536K, 0% used [0x00000000d5a00000,0x00000000d5a00000,0x00000000d5b80000)
 ParOldGen       total 214016K, used 213586K [0x0000000080000000, 0x000000008d100000, 0x00000000d5580000)
  object space 214016K, 99% used [0x0000000080000000,0x000000008d094ac0,0x000000008d100000)
 Metaspace       used 67147K, committed 68672K, reserved 1114112K
  class space    used 7203K, committed 7872K, reserved 1048576K
}
Event: 18.653 GC heap before
{Heap before GC invocations=128 (full 3):
 PSYoungGen      total 6144K, used 5582K [0x00000000d5580000, 0x00000000d5d00000, 0x0000000100000000)
  eden space 4608K, 100% used [0x00000000d5580000,0x00000000d5a00000,0x00000000d5a00000)
  from space 1536K, 63% used [0x00000000d5b80000,0x00000000d5c73a28,0x00000000d5d00000)
  to   space 1536K, 0% used [0x00000000d5a00000,0x00000000d5a00000,0x00000000d5b80000)
 ParOldGen       total 214016K, used 213586K [0x0000000080000000, 0x000000008d100000, 0x00000000d5580000)
  object space 214016K, 99% used [0x0000000080000000,0x000000008d094ac0,0x000000008d100000)
 Metaspace       used 67174K, committed 68672K, reserved 1114112K
  class space    used 7203K, committed 7872K, reserved 1048576K
}
Event: 18.655 GC heap after
{Heap after GC invocations=128 (full 3):
 PSYoungGen      total 6144K, used 1078K [0x00000000d5580000, 0x00000000d5d00000, 0x0000000100000000)
  eden space 4608K, 0% used [0x00000000d5580000,0x00000000d5580000,0x00000000d5a00000)
  from space 1536K, 70% used [0x00000000d5a00000,0x00000000d5b0db88,0x00000000d5b80000)
  to   space 1536K, 0% used [0x00000000d5b80000,0x00000000d5b80000,0x00000000d5d00000)
 ParOldGen       total 215040K, used 214536K [0x0000000080000000, 0x000000008d200000, 0x00000000d5580000)
  object space 215040K, 99% used [0x0000000080000000,0x000000008d182150,0x000000008d200000)
 Metaspace       used 67174K, committed 68672K, reserved 1114112K
  class space    used 7203K, committed 7872K, reserved 1048576K
}
Event: 18.663 GC heap before
{Heap before GC invocations=129 (full 3):
 PSYoungGen      total 6144K, used 5686K [0x00000000d5580000, 0x00000000d5d00000, 0x0000000100000000)
  eden space 4608K, 100% used [0x00000000d5580000,0x00000000d5a00000,0x00000000d5a00000)
  from space 1536K, 70% used [0x00000000d5a00000,0x00000000d5b0db88,0x00000000d5b80000)
  to   space 1536K, 0% used [0x00000000d5b80000,0x00000000d5b80000,0x00000000d5d00000)
 ParOldGen       total 215040K, used 214536K [0x0000000080000000, 0x000000008d200000, 0x00000000d5580000)
  object space 215040K, 99% used [0x0000000080000000,0x000000008d182150,0x000000008d200000)
 Metaspace       used 67203K, committed 68736K, reserved 1114112K
  class space    used 7204K, committed 7872K, reserved 1048576K
}
Event: 18.665 GC heap after
{Heap after GC invocations=129 (full 3):
 PSYoungGen      total 6144K, used 1118K [0x00000000d5580000, 0x00000000d5d00000, 0x0000000100000000)
  eden space 4608K, 0% used [0x00000000d5580000,0x00000000d5580000,0x00000000d5a00000)
  from space 1536K, 72% used [0x00000000d5b80000,0x00000000d5c978a8,0x00000000d5d00000)
  to   space 1536K, 0% used [0x00000000d5a00000,0x00000000d5a00000,0x00000000d5b80000)
 ParOldGen       total 215552K, used 215451K [0x0000000080000000, 0x000000008d280000, 0x00000000d5580000)
  object space 215552K, 99% used [0x0000000080000000,0x000000008d266d08,0x000000008d280000)
 Metaspace       used 67203K, committed 68736K, reserved 1114112K
  class space    used 7204K, committed 7872K, reserved 1048576K
}
Event: 18.673 GC heap before
{Heap before GC invocations=130 (full 3):
 PSYoungGen      total 6144K, used 5726K [0x00000000d5580000, 0x00000000d5d00000, 0x0000000100000000)
  eden space 4608K, 100% used [0x00000000d5580000,0x00000000d5a00000,0x00000000d5a00000)
  from space 1536K, 72% used [0x00000000d5b80000,0x00000000d5c978a8,0x00000000d5d00000)
  to   space 1536K, 0% used [0x00000000d5a00000,0x00000000d5a00000,0x00000000d5b80000)
 ParOldGen       total 215552K, used 215451K [0x0000000080000000, 0x000000008d280000, 0x00000000d5580000)
  object space 215552K, 99% used [0x0000000080000000,0x000000008d266d08,0x000000008d280000)
 Metaspace       used 67219K, committed 68736K, reserved 1114112K
  class space    used 7207K, committed 7872K, reserved 1048576K
}
Event: 18.674 GC heap after
{Heap after GC invocations=130 (full 3):
 PSYoungGen      total 6144K, used 1024K [0x00000000d5580000, 0x00000000d5d00000, 0x0000000100000000)
  eden space 4608K, 0% used [0x00000000d5580000,0x00000000d5580000,0x00000000d5a00000)
  from space 1536K, 66% used [0x00000000d5a00000,0x00000000d5b00000,0x00000000d5b80000)
  to   space 1536K, 0% used [0x00000000d5b80000,0x00000000d5b80000,0x00000000d5d00000)
 ParOldGen       total 216576K, used 216437K [0x0000000080000000, 0x000000008d380000, 0x00000000d5580000)
  object space 216576K, 99% used [0x0000000080000000,0x000000008d35d690,0x000000008d380000)
 Metaspace       used 67219K, committed 68736K, reserved 1114112K
  class space    used 7207K, committed 7872K, reserved 1048576K
}
Event: 18.683 GC heap before
{Heap before GC invocations=131 (full 3):
 PSYoungGen      total 6144K, used 5632K [0x00000000d5580000, 0x00000000d5d00000, 0x0000000100000000)
  eden space 4608K, 100% used [0x00000000d5580000,0x00000000d5a00000,0x00000000d5a00000)
  from space 1536K, 66% used [0x00000000d5a00000,0x00000000d5b00000,0x00000000d5b80000)
  to   space 1536K, 0% used [0x00000000d5b80000,0x00000000d5b80000,0x00000000d5d00000)
 ParOldGen       total 216576K, used 216437K [0x0000000080000000, 0x000000008d380000, 0x00000000d5580000)
  object space 216576K, 99% used [0x0000000080000000,0x000000008d35d690,0x000000008d380000)
 Metaspace       used 67244K, committed 68736K, reserved 1114112K
  class space    used 7211K, committed 7872K, reserved 1048576K
}
Event: 18.684 GC heap after
{Heap after GC invocations=131 (full 3):
 PSYoungGen      total 6144K, used 1088K [0x00000000d5580000, 0x00000000d5d00000, 0x0000000100000000)
  eden space 4608K, 0% used [0x00000000d5580000,0x00000000d5580000,0x00000000d5a00000)
  from space 1536K, 70% used [0x00000000d5b80000,0x00000000d5c90000,0x00000000d5d00000)
  to   space 1536K, 0% used [0x00000000d5a00000,0x00000000d5a00000,0x00000000d5b80000)
 ParOldGen       total 217600K, used 217349K [0x0000000080000000, 0x000000008d480000, 0x00000000d5580000)
  object space 217600K, 99% used [0x0000000080000000,0x000000008d441668,0x000000008d480000)
 Metaspace       used 67244K, committed 68736K, reserved 1114112K
  class space    used 7211K, committed 7872K, reserved 1048576K
}
Event: 18.694 GC heap before
{Heap before GC invocations=132 (full 3):
 PSYoungGen      total 6144K, used 5696K [0x00000000d5580000, 0x00000000d5d00000, 0x0000000100000000)
  eden space 4608K, 100% used [0x00000000d5580000,0x00000000d5a00000,0x00000000d5a00000)
  from space 1536K, 70% used [0x00000000d5b80000,0x00000000d5c90000,0x00000000d5d00000)
  to   space 1536K, 0% used [0x00000000d5a00000,0x00000000d5a00000,0x00000000d5b80000)
 ParOldGen       total 217600K, used 217349K [0x0000000080000000, 0x000000008d480000, 0x00000000d5580000)
  object space 217600K, 99% used [0x0000000080000000,0x000000008d441668,0x000000008d480000)
 Metaspace       used 67291K, committed 68800K, reserved 1114112K
  class space    used 7217K, committed 7872K, reserved 1048576K
}
Event: 18.696 GC heap after
{Heap after GC invocations=132 (full 3):
 PSYoungGen      total 6144K, used 1129K [0x00000000d5580000, 0x00000000d5d00000, 0x0000000100000000)
  eden space 4608K, 0% used [0x00000000d5580000,0x00000000d5580000,0x00000000d5a00000)
  from space 1536K, 73% used [0x00000000d5a00000,0x00000000d5b1a7a8,0x00000000d5b80000)
  to   space 1536K, 0% used [0x00000000d5b80000,0x00000000d5b80000,0x00000000d5d00000)
 ParOldGen       total 218624K, used 218273K [0x0000000080000000, 0x000000008d580000, 0x00000000d5580000)
  object space 218624K, 99% used [0x0000000080000000,0x000000008d5285e0,0x000000008d580000)
 Metaspace       used 67291K, committed 68800K, reserved 1114112K
  class space    used 7217K, committed 7872K, reserved 1048576K
}
Event: 18.705 GC heap before
{Heap before GC invocations=133 (full 3):
 PSYoungGen      total 6144K, used 5737K [0x00000000d5580000, 0x00000000d5d00000, 0x0000000100000000)
  eden space 4608K, 100% used [0x00000000d5580000,0x00000000d5a00000,0x00000000d5a00000)
  from space 1536K, 73% used [0x00000000d5a00000,0x00000000d5b1a7a8,0x00000000d5b80000)
  to   space 1536K, 0% used [0x00000000d5b80000,0x00000000d5b80000,0x00000000d5d00000)
 ParOldGen       total 218624K, used 218273K [0x0000000080000000, 0x000000008d580000, 0x00000000d5580000)
  object space 218624K, 99% used [0x0000000080000000,0x000000008d5285e0,0x000000008d580000)
 Metaspace       used 67329K, committed 68864K, reserved 1114112K
  class space    used 7223K, committed 7936K, reserved 1048576K
}
Event: 18.706 GC heap after
{Heap after GC invocations=133 (full 3):
 PSYoungGen      total 6144K, used 1099K [0x00000000d5580000, 0x00000000d5d00000, 0x0000000100000000)
  eden space 4608K, 0% used [0x00000000d5580000,0x00000000d5580000,0x00000000d5a00000)
  from space 1536K, 71% used [0x00000000d5b80000,0x00000000d5c92c78,0x00000000d5d00000)
  to   space 1536K, 0% used [0x00000000d5a00000,0x00000000d5a00000,0x00000000d5b80000)
 ParOldGen       total 219648K, used 219306K [0x0000000080000000, 0x000000008d680000, 0x00000000d5580000)
  object space 219648K, 99% used [0x0000000080000000,0x000000008d62aa50,0x000000008d680000)
 Metaspace       used 67329K, committed 68864K, reserved 1114112K
  class space    used 7223K, committed 7936K, reserved 1048576K
}
Event: 18.716 GC heap before
{Heap before GC invocations=134 (full 3):
 PSYoungGen      total 6144K, used 5707K [0x00000000d5580000, 0x00000000d5d00000, 0x0000000100000000)
  eden space 4608K, 100% used [0x00000000d5580000,0x00000000d5a00000,0x00000000d5a00000)
  from space 1536K, 71% used [0x00000000d5b80000,0x00000000d5c92c78,0x00000000d5d00000)
  to   space 1536K, 0% used [0x00000000d5a00000,0x00000000d5a00000,0x00000000d5b80000)
 ParOldGen       total 219648K, used 219306K [0x0000000080000000, 0x000000008d680000, 0x00000000d5580000)
  object space 219648K, 99% used [0x0000000080000000,0x000000008d62aa50,0x000000008d680000)
 Metaspace       used 67361K, committed 68864K, reserved 1114112K
  class space    used 7228K, committed 7936K, reserved 1048576K
}
Event: 18.717 GC heap after
{Heap after GC invocations=134 (full 3):
 PSYoungGen      total 6144K, used 998K [0x00000000d5580000, 0x00000000d5d00000, 0x0000000100000000)
  eden space 4608K, 0% used [0x00000000d5580000,0x00000000d5580000,0x00000000d5a00000)
  from space 1536K, 64% used [0x00000000d5a00000,0x00000000d5af9948,0x00000000d5b80000)
  to   space 1536K, 0% used [0x00000000d5b80000,0x00000000d5b80000,0x00000000d5d00000)
 ParOldGen       total 220672K, used 220273K [0x0000000080000000, 0x000000008d780000, 0x00000000d5580000)
  object space 220672K, 99% used [0x0000000080000000,0x000000008d71c570,0x000000008d780000)
 Metaspace       used 67361K, committed 68864K, reserved 1114112K
  class space    used 7228K, committed 7936K, reserved 1048576K
}
Event: 18.724 GC heap before
{Heap before GC invocations=135 (full 3):
 PSYoungGen      total 6144K, used 5606K [0x00000000d5580000, 0x00000000d5d00000, 0x0000000100000000)
  eden space 4608K, 100% used [0x00000000d5580000,0x00000000d5a00000,0x00000000d5a00000)
  from space 1536K, 64% used [0x00000000d5a00000,0x00000000d5af9948,0x00000000d5b80000)
  to   space 1536K, 0% used [0x00000000d5b80000,0x00000000d5b80000,0x00000000d5d00000)
 ParOldGen       total 220672K, used 220273K [0x0000000080000000, 0x000000008d780000, 0x00000000d5580000)
  object space 220672K, 99% used [0x0000000080000000,0x000000008d71c570,0x000000008d780000)
 Metaspace       used 67394K, committed 68928K, reserved 1114112K
  class space    used 7238K, committed 7936K, reserved 1048576K
}
Event: 18.726 GC heap after
{Heap after GC invocations=135 (full 3):
 PSYoungGen      total 5632K, used 896K [0x00000000d5580000, 0x00000000d5c80000, 0x0000000100000000)
  eden space 4608K, 0% used [0x00000000d5580000,0x00000000d5580000,0x00000000d5a00000)
  from space 1024K, 87% used [0x00000000d5b80000,0x00000000d5c60000,0x00000000d5c80000)
  to   space 1024K, 0% used [0x00000000d5a80000,0x00000000d5a80000,0x00000000d5b80000)
 ParOldGen       total 221184K, used 221170K [0x0000000080000000, 0x000000008d800000, 0x00000000d5580000)
  object space 221184K, 99% used [0x0000000080000000,0x000000008d7fc8d0,0x000000008d800000)
 Metaspace       used 67394K, committed 68928K, reserved 1114112K
  class space    used 7238K, committed 7936K, reserved 1048576K
}
Event: 18.733 GC heap before
{Heap before GC invocations=136 (full 3):
 PSYoungGen      total 5632K, used 5504K [0x00000000d5580000, 0x00000000d5c80000, 0x0000000100000000)
  eden space 4608K, 100% used [0x00000000d5580000,0x00000000d5a00000,0x00000000d5a00000)
  from space 1024K, 87% used [0x00000000d5b80000,0x00000000d5c60000,0x00000000d5c80000)
  to   space 1024K, 0% used [0x00000000d5a80000,0x00000000d5a80000,0x00000000d5b80000)
 ParOldGen       total 221184K, used 221170K [0x0000000080000000, 0x000000008d800000, 0x00000000d5580000)
  object space 221184K, 99% used [0x0000000080000000,0x000000008d7fc8d0,0x000000008d800000)
 Metaspace       used 67428K, committed 68928K, reserved 1114112K
  class space    used 7240K, committed 7936K, reserved 1048576K
}

